# JRE version: OpenJDK Runtime Environment Temurin-17.0.7+7 (17.0.7+7) (build 17.0.7+7)
# Java VM: OpenJDK 64-Bit Server VM Temurin-17.0.7+7 (17.0.7+7, mixed mode, sharing, tiered, compressed oops, compressed class ptrs, g1 gc, windows-amd64)
GC Precious Log:
 CPUs: 16 total, 16 available
 Memory: 16236M
 Large Page Support: Disabled
 NUMA Support: Disabled
 Compressed Oops: Enabled (Zero based)
 Heap Region Size: 2M
 Heap Min Capacity: 512M
 Heap Initial Capacity: 512M
 Heap Max Capacity: 4072M
 Pre-touch: Disabled
 Parallel Workers: 13
 Concurrent Workers: 3
 Concurrent Refinement Workers: 13
 Periodic GC: Disabled
 String Deduplication is enabled
Heap:
 garbage-first heap   total 524288K, used 190876K [0x0000000701800000, 0x0000000800000000)
  region size 2048K, 19 young (38912K), 0 survivors (0K)
 Metaspace       used 92008K, committed 92800K, reserved 1179648K
  class space    used 12083K, committed 12480K, reserved 1048576K
GC Heap History (20 events):
Event: 1856.103 GC heap before
{Heap before GC invocations=785 (full 386):
 garbage-first heap   total 524288K, used 151643K [0x0000000701800000, 0x0000000800000000)
  region size 2048K, 2 young (4096K), 0 survivors (0K)
 Metaspace       used 91878K, committed 92672K, reserved 1179648K
  class space    used 12083K, committed 12480K, reserved 1048576K
}
Event: 1856.104 GC heap after
{Heap after GC invocations=786 (full 386):
 garbage-first heap   total 524288K, used 149684K [0x0000000701800000, 0x0000000800000000)
  region size 2048K, 1 young (2048K), 1 survivors (2048K)
 Metaspace       used 91878K, committed 92672K, reserved 1179648K
  class space    used 12083K, committed 12480K, reserved 1048576K
}
Event: 1856.134 GC heap before
{Heap before GC invocations=786 (full 386):
 garbage-first heap   total 524288K, used 161972K [0x0000000701800000, 0x0000000800000000)
  region size 2048K, 2 young (4096K), 1 survivors (2048K)
 Metaspace       used 91878K, committed 92672K, reserved 1179648K
  class space    used 12083K, committed 12480K, reserved 1048576K
}
Event: 1856.189 GC heap after
{Heap after GC invocations=787 (full 387):
 garbage-first heap   total 524288K, used 137307K [0x0000000701800000, 0x0000000800000000)
  region size 2048K, 0 young (0K), 0 survivors (0K)
 Metaspace       used 91878K, committed 92672K, reserved 1179648K
  class space    used 12083K, committed 12480K, reserved 1048576K
}
Event: 1860.385 GC heap before
{Heap before GC invocations=787 (full 387):
 garbage-first heap   total 524288K, used 225371K [0x0000000701800000, 0x0000000800000000)
  region size 2048K, 40 young (81920K), 0 survivors (0K)
 Metaspace       used 91888K, committed 92672K, reserved 1179648K
  class space    used 12083K, committed 12480K, reserved 1048576K
}
Event: 1860.386 GC heap after
{Heap after GC invocations=788 (full 387):
 garbage-first heap   total 524288K, used 144770K [0x0000000701800000, 0x0000000800000000)
  region size 2048K, 1 young (2048K), 1 survivors (2048K)
 Metaspace       used 91888K, committed 92672K, reserved 1179648K
  class space    used 12083K, committed 12480K, reserved 1048576K
}
Event: 1863.144 GC heap before
{Heap before GC invocations=788 (full 387):
 garbage-first heap   total 524288K, used 224642K [0x0000000701800000, 0x0000000800000000)
  region size 2048K, 40 young (81920K), 1 survivors (2048K)
 Metaspace       used 91894K, committed 92672K, reserved 1179648K
  class space    used 12083K, committed 12480K, reserved 1048576K
}
Event: 1863.145 GC heap after
{Heap after GC invocations=789 (full 387):
 garbage-first heap   total 524288K, used 144481K [0x0000000701800000, 0x0000000800000000)
  region size 2048K, 1 young (2048K), 1 survivors (2048K)
 Metaspace       used 91894K, committed 92672K, reserved 1179648K
  class space    used 12083K, committed 12480K, reserved 1048576K
}
Event: 1863.470 GC heap before
{Heap before GC invocations=789 (full 387):
 garbage-first heap   total 524288K, used 224353K [0x0000000701800000, 0x0000000800000000)
  region size 2048K, 40 young (81920K), 1 survivors (2048K)
 Metaspace       used 91903K, committed 92672K, reserved 1179648K
  class space    used 12083K, committed 12480K, reserved 1048576K
}
Event: 1863.472 GC heap after
{Heap after GC invocations=790 (full 387):
 garbage-first heap   total 524288K, used 141288K [0x0000000701800000, 0x0000000800000000)
  region size 2048K, 2 young (4096K), 2 survivors (4096K)
 Metaspace       used 91903K, committed 92672K, reserved 1179648K
  class space    used 12083K, committed 12480K, reserved 1048576K
}
Event: 1866.054 GC heap before
{Heap before GC invocations=790 (full 387):
 garbage-first heap   total 524288K, used 219112K [0x0000000701800000, 0x0000000800000000)
  region size 2048K, 40 young (81920K), 2 survivors (4096K)
 Metaspace       used 91941K, committed 92736K, reserved 1179648K
  class space    used 12083K, committed 12480K, reserved 1048576K
}
Event: 1866.056 GC heap after
{Heap after GC invocations=791 (full 387):
 garbage-first heap   total 524288K, used 143031K [0x0000000701800000, 0x0000000800000000)
  region size 2048K, 3 young (6144K), 3 survivors (6144K)
 Metaspace       used 91941K, committed 92736K, reserved 1179648K
  class space    used 12083K, committed 12480K, reserved 1048576K
}
Event: 1874.443 GC heap before
{Heap before GC invocations=791 (full 387):
 garbage-first heap   total 524288K, used 218807K [0x0000000701800000, 0x0000000800000000)
  region size 2048K, 40 young (81920K), 3 survivors (6144K)
 Metaspace       used 91957K, committed 92736K, reserved 1179648K
  class space    used 12083K, committed 12480K, reserved 1048576K
}
Event: 1874.446 GC heap after
{Heap after GC invocations=792 (full 387):
 garbage-first heap   total 524288K, used 147273K [0x0000000701800000, 0x0000000800000000)
  region size 2048K, 5 young (10240K), 5 survivors (10240K)
 Metaspace       used 91957K, committed 92736K, reserved 1179648K
  class space    used 12083K, committed 12480K, reserved 1048576K
}
Event: 1875.610 GC heap before
{Heap before GC invocations=792 (full 387):
 garbage-first heap   total 524288K, used 218953K [0x0000000701800000, 0x0000000800000000)
  region size 2048K, 40 young (81920K), 5 survivors (10240K)
 Metaspace       used 91990K, committed 92736K, reserved 1179648K
  class space    used 12083K, committed 12480K, reserved 1048576K
}
Event: 1875.613 GC heap after
{Heap after GC invocations=793 (full 387):
 garbage-first heap   total 524288K, used 151489K [0x0000000701800000, 0x0000000800000000)
  region size 2048K, 5 young (10240K), 5 survivors (10240K)
 Metaspace       used 91990K, committed 92736K, reserved 1179648K
  class space    used 12083K, committed 12480K, reserved 1048576K
}
Event: 1875.961 GC heap before
{Heap before GC invocations=793 (full 387):
 garbage-first heap   total 524288K, used 223169K [0x0000000701800000, 0x0000000800000000)
  region size 2048K, 40 young (81920K), 5 survivors (10240K)
 Metaspace       used 92000K, committed 92800K, reserved 1179648K
  class space    used 12083K, committed 12480K, reserved 1048576K
}
Event: 1875.965 GC heap after
{Heap after GC invocations=794 (full 387):
 garbage-first heap   total 524288K, used 153354K [0x0000000701800000, 0x0000000800000000)
  region size 2048K, 4 young (8192K), 4 survivors (8192K)
 Metaspace       used 92000K, committed 92800K, reserved 1179648K
  class space    used 12083K, committed 12480K, reserved 1048576K
}
Event: 1876.258 GC heap before
{Heap before GC invocations=794 (full 387):
 garbage-first heap   total 524288K, used 202506K [0x0000000701800000, 0x0000000800000000)
  region size 2048K, 20 young (40960K), 4 survivors (8192K)
 Metaspace       used 92007K, committed 92800K, reserved 1179648K
  class space    used 12083K, committed 12480K, reserved 1048576K
}
Event: 1876.321 GC heap after
{Heap after GC invocations=795 (full 388):
 garbage-first heap   total 524288K, used 147868K [0x0000000701800000, 0x0000000800000000)
  region size 2048K, 0 young (0K), 0 survivors (0K)
 Metaspace       used 92007K, committed 92800K, reserved 1179648K
  class space    used 12083K, committed 12480K, reserved 1048576K
}

